2025-10-12 11:51:24,612 [INFO] Using existing .env file.
2025-10-12 11:51:24,613 [INFO] Starting sync_accounts_v2.py
2025-10-12 11:51:24,613 [INFO] Fetching source accounts...
2025-10-12 11:51:25,296 [INFO] Fetched 271 accounts from source
2025-10-12 11:51:25,297 [INFO] Fetching target accounts (names)...
2025-10-12 11:51:25,868 [INFO] Fetched 118 accounts from target
2025-10-12 11:51:25,881 [INFO] Processing depth 0 (5 accounts)
2025-10-12 11:51:26,414 [INFO] Skip: Application of Funds (Assets) - AR (no changes)
2025-10-12 11:51:26,970 [INFO] Skip: Source of Funds (Liabilities) - AR (no changes)
2025-10-12 11:51:27,512 [INFO] Skip: Equity - AR (no changes)
2025-10-12 11:51:28,062 [INFO] Skip: Expenses - AR (no changes)
2025-10-12 11:51:28,610 [INFO] Skip: Income - AR (no changes)
2025-10-12 11:51:28,610 [INFO] Processing depth 1 (16 accounts)
2025-10-12 11:51:29,150 [INFO] Skip: Current Assets - AR (no changes)
2025-10-12 11:51:29,720 [INFO] Skip: CWIP Account - AR (no changes)
2025-10-12 11:51:30,278 [INFO] Skip: Intangible Assets - AR (no changes)
2025-10-12 11:51:30,824 [INFO] Skip: Current Liabilities - AR (no changes)
2025-10-12 11:51:31,379 [INFO] Skip: Fixed Assets - AR (no changes)
2025-10-12 11:51:32,120 [INFO] Update required for 'Opening Balance Equity - AR' diffs={'account_type': ('', 'Equity'), 'is_group': (1, 0)}
2025-10-12 11:51:32,703 [INFO] Updated 'Opening Balance Equity - AR' successfully.
2025-10-12 11:51:33,253 [INFO] Skip: Non-Current Liabilities - AR (no changes)
2025-10-12 11:51:33,806 [INFO] Skip: Capital Stock - AR (no changes)
2025-10-12 11:51:34,376 [INFO] Skip: Indirect Expenses - AR (no changes)
2025-10-12 11:51:34,932 [INFO] Skip: Direct Expenses - AR (no changes)
2025-10-12 11:51:35,506 [INFO] Skip: Direct Income - AR (no changes)
2025-10-12 11:51:36,082 [INFO] Skip: Dividends Paid - AR (no changes)
2025-10-12 11:51:36,631 [INFO] Skip: Indirect Income - AR (no changes)
2025-10-12 11:51:37,188 [INFO] Skip: Investments - AR (no changes)
2025-10-12 11:51:37,731 [INFO] Skip: Retained Earnings - AR (no changes)
2025-10-12 11:51:38,283 [INFO] Skip: Temporary Accounts - AR (no changes)
2025-10-12 11:51:38,284 [INFO] Processing depth 2 (72 accounts)
2025-10-12 11:51:38,827 [INFO] Skip: Cash In Hand - AR (no changes)
2025-10-12 11:51:38,828 [INFO] Create: General Expenses - AR
2025-10-12 11:51:39,404 [INFO] Created 'General Expenses - AR'
2025-10-12 11:51:39,405 [INFO] Create: Accounting Softwares - AR
2025-10-12 11:51:39,978 [INFO] Created 'Accounting Softwares - AR'
2025-10-12 11:51:40,557 [INFO] Skip: Accounts Payable - AR (no changes)
2025-10-12 11:51:41,109 [INFO] Skip: Accounts Receivable - AR (no changes)
2025-10-12 11:51:41,663 [INFO] Skip: Accrued Expenses - AR (no changes)
2025-10-12 11:51:42,224 [INFO] Skip: Buildings and Roads - AR (no changes)
2025-10-12 11:51:42,782 [INFO] Skip: Furnitures and Fixtures - AR (no changes)
2025-10-12 11:51:43,334 [INFO] Skip: Office Equipments - AR (no changes)
2025-10-12 11:51:43,884 [INFO] Skip: Plant and Machinery - AR (no changes)
2025-10-12 11:51:43,884 [INFO] Create: Storage Tank - AR
2025-10-12 11:51:44,478 [INFO] Created 'Storage Tank - AR'
2025-10-12 11:51:45,027 [INFO] Skip: Vehicle - AR (no changes)
2025-10-12 11:51:45,583 [INFO] Skip: Wells - AR (no changes)
2025-10-12 11:51:45,584 [INFO] Create: Buildings/Constructions/Roads - CWIP - AR
2025-10-12 11:51:46,186 [INFO] Created 'Buildings/Constructions/Roads - CWIP - AR'
2025-10-12 11:51:46,188 [INFO] Create: Administrative & Legal Expenses - CWIP - AR
2025-10-12 11:51:46,764 [INFO] Created 'Administrative & Legal Expenses - CWIP - AR'
2025-10-12 11:51:47,311 [INFO] Skip: Loans, Advances, Deposits, Prepayments And Other Receivables - AR (no changes)
2025-10-12 11:51:47,880 [INFO] Skip: Freight & Delivery Expenses - CWIP - AR (no changes)
2025-10-12 11:51:47,881 [INFO] Create: Al-Barham Group - AR
2025-10-12 11:51:48,482 [INFO] Created 'Al-Barham Group - AR'
2025-10-12 11:51:48,484 [INFO] Create: Long-Term Loan - AR
2025-10-12 11:51:49,057 [INFO] Created 'Long-Term Loan - AR'
2025-10-12 11:51:49,059 [INFO] Create: SPEC EPC Contract - CWIP - AR
2025-10-12 11:51:49,626 [INFO] Created 'SPEC EPC Contract - CWIP - AR'
2025-10-12 11:51:50,170 [INFO] Skip: Stock Liabilities - AR (no changes)
2025-10-12 11:51:50,716 [INFO] Skip: Bank Accounts - AR (no changes)
2025-10-12 11:51:51,265 [INFO] Skip: Bank Commission & Cash Transfer Fee - CWIP - AR (no changes)
2025-10-12 11:51:51,822 [INFO] Skip: Loans (Liabilities) - AR (no changes)
2025-10-12 11:51:52,379 [INFO] Skip: Capital Equipments - AR (no changes)
2025-10-12 11:51:52,379 [INFO] Create: Catalyst - AR
2025-10-12 11:51:52,948 [INFO] Created 'Catalyst - AR'
2025-10-12 11:51:53,496 [INFO] Skip: Commission on Sales - AR (no changes)
2025-10-12 11:51:54,042 [INFO] Skip: Constructing water wells - AR (no changes)
2025-10-12 11:51:54,583 [INFO] Skip: Stock Expenses - AR (no changes)
2025-10-12 11:51:55,125 [INFO] Skip: Depreciation - AR (no changes)
2025-10-12 11:51:55,663 [INFO] Skip: Duties and Taxes - AR (no changes)
2025-10-12 11:51:56,205 [INFO] Skip: Securities and Deposits - AR (no changes)
2025-10-12 11:51:56,755 [INFO] Skip: Entertainment Expenses - AR (no changes)
2025-10-12 11:51:57,327 [INFO] Skip: Exchange Gain/Loss - AR (no changes)
2025-10-12 11:51:57,877 [INFO] Skip: Feasibility Study - CWIP - AR (no changes)
2025-10-12 11:51:58,423 [INFO] Skip: Fire Fighting equipment - AR (no changes)
2025-10-12 11:51:58,984 [INFO] Skip: Food and Kitchen Expenses CWIP - AR (no changes)
2025-10-12 11:51:59,542 [INFO] Skip: Freight and Forwarding Charges - AR (no changes)
2025-10-12 11:52:00,079 [INFO] Skip: Fuel Expense - AR (no changes)
2025-10-12 11:52:00,633 [INFO] Skip: Gain/Loss on Asset Disposal - AR (no changes)
2025-10-12 11:52:01,180 [INFO] Skip: Repair And Maintenances CWIP - AR (no changes)
2025-10-12 11:52:01,737 [INFO] Skip: GTC - CWIP - AR (no changes)
2025-10-12 11:52:02,295 [INFO] Skip: ICARE for Consulting (PMC) - CWIP - AR (no changes)
2025-10-12 11:52:02,850 [INFO] Skip: Land - AR (no changes)
2025-10-12 11:52:03,392 [INFO] Skip: Legal Expenses - AR (no changes)
2025-10-12 11:52:03,952 [INFO] Skip: Marketing Expenses - AR (no changes)
2025-10-12 11:52:04,511 [INFO] Skip: Miscellaneous Expenses - AR (no changes)
2025-10-12 11:52:04,511 [INFO] Create: Mr. Karokh - AR
2025-10-12 11:52:05,088 [INFO] Created 'Mr. Karokh - AR'
2025-10-12 11:52:05,089 [INFO] Create: Mr. Sardar Khalid - AR
2025-10-12 11:52:05,687 [INFO] Created 'Mr. Sardar Khalid - AR'
2025-10-12 11:52:05,688 [INFO] Create: Mr. Shwana Aziz - AR
2025-10-12 11:52:06,252 [INFO] Created 'Mr. Shwana Aziz - AR'
2025-10-12 11:52:06,806 [INFO] Skip: Nitrogen materials-CWIP - AR (no changes)
2025-10-12 11:52:07,363 [INFO] Skip: Office Rent - AR (no changes)
2025-10-12 11:52:07,916 [INFO] Skip: Postal Expenses - AR (no changes)
2025-10-12 11:52:08,462 [INFO] Skip: Print and Stationery - AR (no changes)
2025-10-12 11:52:09,008 [INFO] Skip: Round Off - AR (no changes)
2025-10-12 11:52:09,571 [INFO] Skip: Salary - AR (no changes)
2025-10-12 11:52:10,130 [INFO] Skip: Sales - AR (no changes)
2025-10-12 11:52:10,679 [INFO] Skip: Sales Expenses - AR (no changes)
2025-10-12 11:52:11,237 [INFO] Skip: Service - AR (no changes)
2025-10-12 11:52:11,787 [INFO] Skip: Softwares - AR (no changes)
2025-10-12 11:52:11,787 [INFO] Create: Spec %15 - AR
2025-10-12 11:52:12,381 [INFO] Created 'Spec %15 - AR'
2025-10-12 11:52:12,937 [INFO] Skip: Stock Assets - AR (no changes)
2025-10-12 11:52:13,475 [INFO] Skip: Tax Assets - AR (no changes)
2025-10-12 11:52:14,038 [INFO] Skip: Telephone Expenses - AR (no changes)
2025-10-12 11:52:14,591 [INFO] Skip: Temporary Opening - AR (no changes)
2025-10-12 11:52:15,140 [INFO] Skip: Transportation Expenses - CWIP - AR (no changes)
2025-10-12 11:52:15,696 [INFO] Skip: Travel Expenses - AR (no changes)
2025-10-12 11:52:16,258 [INFO] Skip: Unearned Revenue - AR (no changes)
2025-10-12 11:52:16,833 [INFO] Skip: Utility Expenses - AR (no changes)
2025-10-12 11:52:16,834 [INFO] Create: Utility expenses - CWIP - AR
2025-10-12 11:52:17,414 [INFO] Created 'Utility expenses - CWIP - AR'
2025-10-12 11:52:17,420 [INFO] Create: Warehouse Expenses CWIP - AR
2025-10-12 11:52:18,026 [INFO] Created 'Warehouse Expenses CWIP - AR'
2025-10-12 11:52:18,577 [INFO] Skip: Write Off - AR (no changes)
2025-10-12 11:52:18,578 [INFO] Processing depth 3 (126 accounts)
2025-10-12 11:52:19,135 [INFO] Skip: ABG - Purchase Team IQD - AR (no changes)
2025-10-12 11:52:19,701 [INFO] Skip: ABG Intermediate - AR (no changes)
2025-10-12 11:52:19,702 [INFO] Create: Accommodation Expenses - CWIP - AR
2025-10-12 11:52:20,269 [INFO] Created 'Accommodation Expenses - CWIP - AR'
2025-10-12 11:52:20,271 [INFO] Create: Accounting Software - AR
2025-10-12 11:52:20,857 [INFO] Created 'Accounting Software - AR'
2025-10-12 11:52:20,859 [INFO] Create: Accumulated Depreciation - Buildings and Roads - AR
2025-10-12 11:52:21,416 [INFO] Created 'Accumulated Depreciation - Buildings and Roads - AR'
2025-10-12 11:52:21,417 [INFO] Create: Accumulated Depreciation - Furniture and Fixture - AR
2025-10-12 11:52:21,983 [INFO] Created 'Accumulated Depreciation - Furniture and Fixture - AR'
2025-10-12 11:52:22,519 [INFO] Skip: Accumulated Depreciation - Office Equipments - AR (no changes)
2025-10-12 11:52:22,520 [INFO] Create: Accumulated Depreciation - Plant & Machinery - AR
2025-10-12 11:52:23,083 [INFO] Created 'Accumulated Depreciation - Plant & Machinery - AR'
2025-10-12 11:52:23,084 [INFO] Create: Accumulated Depreciation - Storage Tank - AR
2025-10-12 11:52:23,659 [INFO] Created 'Accumulated Depreciation - Storage Tank - AR'
2025-10-12 11:52:23,660 [INFO] Create: Accumulated Depreciation - Vehicles - AR
2025-10-12 11:52:24,241 [INFO] Created 'Accumulated Depreciation - Vehicles - AR'
2025-10-12 11:52:24,242 [INFO] Create: Accumulated Depreciation - Wells - AR
2025-10-12 11:52:24,811 [INFO] Created 'Accumulated Depreciation - Wells - AR'
2025-10-12 11:52:24,812 [INFO] Create: Buildings - CWIP - AR
2025-10-12 11:52:25,383 [INFO] Created 'Buildings - CWIP - AR'
2025-10-12 11:52:25,384 [INFO] Create: Administrative Expenses - CWIP - AR
2025-10-12 11:52:25,957 [INFO] Created 'Administrative Expenses - CWIP - AR'
2025-10-12 11:52:25,958 [INFO] Create: Advnace For Local Purcahse - AR
2025-10-12 11:52:26,522 [INFO] Created 'Advnace For Local Purcahse - AR'
2025-10-12 11:52:26,524 [INFO] Create: Agricultural Project Expenses CWIP - AR
2025-10-12 11:52:27,091 [INFO] Created 'Agricultural Project Expenses CWIP - AR'
2025-10-12 11:52:27,092 [INFO] Create: Air Conditioner - AR
2025-10-12 11:52:27,666 [INFO] Created 'Air Conditioner - AR'
2025-10-12 11:52:27,667 [INFO] Create: Air Freight Fee - CWIP - AR
2025-10-12 11:52:28,231 [INFO] Created 'Air Freight Fee - CWIP - AR'
2025-10-12 11:52:28,232 [INFO] Create: Al-Barham Group Loan - AR
2025-10-12 11:52:28,797 [INFO] Created 'Al-Barham Group Loan - AR'
2025-10-12 11:52:28,798 [INFO] Create: Amortization of  Accounting Software - AR
2025-10-12 11:52:29,367 [INFO] Created 'Amortization of  Accounting Software - AR'
2025-10-12 11:52:29,368 [INFO] Create: Plants and Machineries - CWIP - AR
2025-10-12 11:52:29,951 [INFO] Created 'Plants and Machineries - CWIP - AR'
2025-10-12 11:52:29,952 [INFO] Create: Inspections and Laboratory Tests - CWIP - AR - AR
2025-10-12 11:52:30,509 [INFO] Created 'Inspections and Laboratory Tests - CWIP - AR - AR'
2025-10-12 11:52:31,077 [INFO] Skip: Asset Received But Not Billed - AR (no changes)
2025-10-12 11:52:31,078 [INFO] Create: Bank Commission & Transfer Fee - CWIP - AR
2025-10-12 11:52:31,653 [INFO] Created 'Bank Commission & Transfer Fee - CWIP - AR'
2025-10-12 11:52:32,201 [INFO] Skip: Bank Overdraft Account - AR (no changes)
2025-10-12 11:52:32,740 [INFO] Update required for 'Buildings - AR' diffs={'parent_account': ('Buildings and Roads - AR', 'Fixed Assets - AR')}
2025-10-12 11:52:33,318 [INFO] Updated 'Buildings - AR' successfully.
2025-10-12 11:52:33,319 [INFO] Create: Buildings & Roads - AR
2025-10-12 11:52:33,878 [INFO] Created 'Buildings & Roads - AR'
2025-10-12 11:52:33,879 [INFO] Create: Camera & Drone - AR
2025-10-12 11:52:34,447 [INFO] Created 'Camera & Drone - AR'
2025-10-12 11:52:35,005 [INFO] Skip: Cash - Site IQD - AR (no changes)
2025-10-12 11:52:35,006 [INFO] Create: Storages/Tanks/Silos - CWIP - AR
2025-10-12 11:52:35,574 [INFO] Created 'Storages/Tanks/Silos - CWIP - AR'
2025-10-12 11:52:35,576 [INFO] Create: Cleaning Expenses - CWIP - AR
2025-10-12 11:52:36,153 [INFO] Created 'Cleaning Expenses - CWIP - AR'
2025-10-12 11:52:36,155 [INFO] Create: Communication and Internet Expenses - CWIP - AR
2025-10-12 11:52:36,725 [INFO] Created 'Communication and Internet Expenses - CWIP - AR'
2025-10-12 11:52:36,726 [INFO] Create: Company Establishment Expenses - CWIP - AR
2025-10-12 11:52:37,297 [INFO] Created 'Company Establishment Expenses - CWIP - AR'
2025-10-12 11:52:37,298 [INFO] Create: Computer & Printers - AR
2025-10-12 11:52:37,877 [INFO] Created 'Computer & Printers - AR'
2025-10-12 11:52:37,878 [INFO] Create: Constructing water well CWIP(4) - AR
2025-10-12 11:52:38,434 [INFO] Created 'Constructing water well CWIP(4) - AR'
2025-10-12 11:52:38,435 [INFO] Create: Constructing water wells CWIP - AR
2025-10-12 11:52:39,000 [INFO] Created 'Constructing water well CWIP(1) - AR'
2025-10-12 11:52:39,002 [INFO] Create: Constructing water wells CWIP (5) - AR
2025-10-12 11:52:39,579 [INFO] Created 'Constructing water wells CWIP (5) - AR'
2025-10-12 11:52:39,580 [INFO] Create: Constructing water wells CWIP (6) - AR
2025-10-12 11:52:40,149 [INFO] Created 'Constructing water wells CWIP (6) - AR'
2025-10-12 11:52:40,150 [INFO] Create: Constructing water wells CWIP(2) - AR
2025-10-12 11:52:40,714 [INFO] Created 'Constructing water wells CWIP(2) - AR'
2025-10-12 11:52:40,715 [INFO] Create: Constructing water wells CWIP(3) - AR
2025-10-12 11:52:41,278 [INFO] Created 'Constructing water wells CWIP(3) - AR'
2025-10-12 11:52:41,832 [INFO] Skip: Cost of Goods Sold - AR (no changes)
2025-10-12 11:52:41,832 [INFO] Create: Court Fee - CWIP - AR
2025-10-12 11:52:42,407 [INFO] Created 'Court Fee - CWIP - AR'
2025-10-12 11:52:42,953 [INFO] Skip: Creditors - AR (no changes)
2025-10-12 11:52:42,954 [INFO] Create: Curtains - AR
2025-10-12 11:52:43,520 [INFO] Created 'Curtains - AR'
2025-10-12 11:52:43,521 [INFO] Create: Customs Fee - CWIP - AR
2025-10-12 11:52:44,099 [INFO] Created 'Customs Fee - CWIP - AR'
2025-10-12 11:52:44,636 [INFO] Skip: Debtors - AR (no changes)
2025-10-12 11:52:44,636 [INFO] Create: Deposits & Prepayments - AR
2025-10-12 11:52:45,203 [INFO] Created 'Deposits & Prepayments - AR'
2025-10-12 11:52:45,204 [INFO] Create: Marketing & Advertising Expenses - AR
2025-10-12 11:52:45,758 [INFO] Created 'Marketing & Advertising Expenses - AR'
2025-10-12 11:52:46,297 [INFO] Skip: Earnest Money - AR (no changes)
2025-10-12 11:52:46,848 [INFO] Skip: Electric Water Heaters - AR (no changes)
2025-10-12 11:52:47,406 [INFO] Update required for 'Employee Advances - AR' diffs={'parent_account': ('Loans, Advances, Deposits, Prepayments And Other Receivables - AR', 'Loans and Advances (Assets) - AR'), 'account_type': ('', 'Payable')}
2025-10-12 11:52:48,018 [INFO] Updated 'Employee Advances - AR' successfully.
2025-10-12 11:52:48,567 [INFO] Skip: Erbil Bank - IQD - AR (no changes)
2025-10-12 11:52:49,121 [INFO] Skip: Erbil Bank - USD - AR (no changes)
2025-10-12 11:52:49,122 [INFO] Create: Exchange Gain/Loss - CWIP - AR
2025-10-12 11:52:49,681 [INFO] Created 'Exchange Gain/Loss - CWIP - AR'
2025-10-12 11:52:50,224 [INFO] Skip: Expenses Included In Asset Valuation - AR (no changes)
2025-10-12 11:52:50,771 [INFO] Skip: Expenses Included In Valuation - AR (no changes)
2025-10-12 11:52:50,772 [INFO] Create: Fire trucks CWIP - AR
2025-10-12 11:52:51,337 [INFO] Created 'Fire trucks CWIP - AR'
2025-10-12 11:52:51,338 [INFO] Create: Food and Beverages - CWIP - AR
2025-10-12 11:52:51,898 [INFO] Created 'Food and Beverages - CWIP - AR'
2025-10-12 11:52:51,899 [INFO] Create: Forwarder Agent Expenses - CWIP - AR
2025-10-12 11:52:52,457 [INFO] Created 'Forwarder Agent Expenses - CWIP - AR'
2025-10-12 11:52:52,458 [INFO] Create: Fuel Expenses - CWIP - AR
2025-10-12 11:52:53,024 [INFO] Created 'Fuel Expenses - CWIP - AR'
2025-10-12 11:52:53,025 [INFO] Create: Furniture & Fixture - AR
2025-10-12 11:52:53,592 [INFO] Created 'Furniture & Fixture - AR'
2025-10-12 11:52:53,593 [INFO] Create: Furnitures - AR
2025-10-12 11:52:54,168 [INFO] Created 'Furnitures - AR'
2025-10-12 11:52:54,170 [INFO] Create: Gasoline Pipeline Expenses - AR
2025-10-12 11:52:54,739 [INFO] Created 'Gasoline Pipeline Expenses - AR'
2025-10-12 11:52:54,740 [INFO] Create: Generator - AR
2025-10-12 11:52:55,294 [INFO] Created 'Generator - AR'
2025-10-12 11:52:55,295 [INFO] Create: Generator Expenses - CWIP - AR
2025-10-12 11:52:55,872 [INFO] Created 'Generator Expenses - CWIP - AR'
2025-10-12 11:52:55,873 [INFO] Create: Gifts and Donations - CWIP - AR
2025-10-12 11:52:56,452 [INFO] Created 'Gifts and Donations - CWIP - AR'
2025-10-12 11:52:57,003 [INFO] Skip: Government Deposit - AR (no changes)
2025-10-12 11:52:57,004 [INFO] Create: Heavy Equipment Expenses - CWIP - AR
2025-10-12 11:52:57,572 [INFO] Created 'Heavy Equipment Expenses - CWIP - AR'
2025-10-12 11:52:57,574 [INFO] Create: Hotels and Hospitality - CWIP - AR
2025-10-12 11:52:58,152 [INFO] Created 'Hotels and Hospitality - CWIP - AR'
2025-10-12 11:52:58,704 [INFO] Skip: IBI - AR (no changes)
2025-10-12 11:52:58,705 [INFO] Create: Insurances - CWIP - AR
2025-10-12 11:52:59,286 [INFO] Created 'Insurances - CWIP - AR'
2025-10-12 11:52:59,836 [INFO] Skip: Joint Bank Account - AED - AR (no changes)
2025-10-12 11:52:59,836 [INFO] Create: Kitchen Expenses - CWIP - AR
2025-10-12 11:53:00,414 [INFO] Created 'Kitchen Expenses - CWIP - AR'
2025-10-12 11:53:00,415 [INFO] Create: Land Transportaiton Fee - CWIP - AR
2025-10-12 11:53:01,008 [INFO] Created 'Land Transportaiton Fee - CWIP - AR'
2025-10-12 11:53:01,009 [INFO] Create: Legal & Professional Expenses - CWIP - AR
2025-10-12 11:53:01,583 [INFO] Created 'Legal & Professional Expenses - CWIP - AR'
2025-10-12 11:53:01,584 [INFO] Create: LPG tnaks - AR
2025-10-12 11:53:02,152 [INFO] Created 'LPG tnaks - AR'
2025-10-12 11:53:02,153 [INFO] Create: Mechanical Equipment - AR
2025-10-12 11:53:02,712 [INFO] Created 'Mechanical Equipment - AR'
2025-10-12 11:53:02,713 [INFO] Create: Medical Expenses - CWIP - AR
2025-10-12 11:53:03,281 [INFO] Created 'Medical Expenses - CWIP - AR'
2025-10-12 11:53:03,282 [INFO] Create: Miscellaneous Expenses - CWIP - AR
2025-10-12 11:53:03,869 [INFO] Created 'Miscellaneous Expenses - CWIP - AR'
2025-10-12 11:53:03,870 [INFO] Create: Money Transfer Fee - CWIP - AR
2025-10-12 11:53:04,437 [INFO] Created 'Money Transfer Fee - CWIP - AR'
2025-10-12 11:53:04,439 [INFO] Create: Naphtha Pipelines - CWIP - AR
2025-10-12 11:53:05,011 [INFO] Created 'Naphtha Pipelines - CWIP - AR'
2025-10-12 11:53:05,013 [INFO] Create: Office Eqiupments - AR
2025-10-12 11:53:05,573 [INFO] Created 'Office Eqiupments - AR'
2025-10-12 11:53:05,574 [INFO] Create: Office Equipment - AR
2025-10-12 11:53:06,144 [INFO] Created 'Office Equipment - AR'
2025-10-12 11:53:06,145 [INFO] Create: Office Maintenance Expenses - CWIP - AR
2025-10-12 11:53:06,723 [INFO] Created 'Office Maintenance Expenses - CWIP - AR'
2025-10-12 11:53:06,724 [INFO] Create: Office Rent - CWIP - AR
2025-10-12 11:53:07,294 [INFO] Created 'Office Rent - CWIP - AR'
2025-10-12 11:53:07,295 [INFO] Create: Oparating Building - CWIP - AR
2025-10-12 11:53:07,870 [INFO] Created 'Oparating Building - CWIP - AR'
2025-10-12 11:53:08,415 [INFO] Skip: Payroll Payable - AR (no changes)
2025-10-12 11:53:08,956 [INFO] Update required for 'Plants and Machineries - AR' diffs={'parent_account': ('Plant and Machinery - AR', 'Fixed Assets - AR')}
2025-10-12 11:53:09,532 [INFO] Updated 'Plants and Machineries - AR' successfully.
2025-10-12 11:53:09,534 [INFO] Create: Postage & Courier Expenses - CWIP - AR
2025-10-12 11:53:10,117 [INFO] Created 'Postage & Courier Expenses - CWIP - AR'
2025-10-12 11:53:10,119 [INFO] Create: Prepaid Rent - AR
2025-10-12 11:53:10,692 [INFO] Created 'Prepaid Rent - AR'
2025-10-12 11:53:10,693 [INFO] Create: Printing & Stationary Expense - CWIP - AR
2025-10-12 11:53:11,318 [INFO] Created 'Printing & Stationary Expense - CWIP - AR'
2025-10-12 11:53:11,320 [INFO] Create: Refrigerator - AR
2025-10-12 11:53:11,896 [INFO] Created 'Refrigerator - AR'
2025-10-12 11:53:12,440 [INFO] Skip: Rent Security - Rent Security - AR (no changes)
2025-10-12 11:53:12,441 [INFO] Create: Repairs & Maintenance - CWIP - AR
2025-10-12 11:53:13,015 [INFO] Created 'Repairs & Maintenance - CWIP - AR'
2025-10-12 11:53:13,016 [INFO] Create: Residency and Visa Expenses - CWIP - AR
2025-10-12 11:53:13,597 [INFO] Created 'Residency and Visa Expenses - CWIP - AR'
2025-10-12 11:53:14,140 [INFO] Skip: Residency Deposite - AR (no changes)
2025-10-12 11:53:14,141 [INFO] Create: Rewards - AR
2025-10-12 11:53:14,714 [INFO] Created 'Rewards - AR'
2025-10-12 11:53:14,715 [INFO] Create: RO SYSTEM - AR
2025-10-12 11:53:15,289 [INFO] Created 'RO SYSTEM - AR'
2025-10-12 11:53:15,290 [INFO] Create: Round Off - CWIP - AR
2025-10-12 11:53:15,852 [INFO] Created 'Round Off - CWIP - AR'
2025-10-12 11:53:15,853 [INFO] Create: Safety Materials Expenses - CWIP - AR
2025-10-12 11:53:16,427 [INFO] Created 'Safety Materials Expenses - CWIP - AR'
2025-10-12 11:53:16,428 [INFO] Create: Salary - CWIP - AR
2025-10-12 11:53:16,994 [INFO] Created 'Salary - CWIP - AR'
2025-10-12 11:53:16,995 [INFO] Create: Sea Freight Fee - CWIP - AR
2025-10-12 11:53:17,551 [INFO] Created 'Sea Freight Fee - CWIP - AR'
2025-10-12 11:53:18,103 [INFO] Skip: Secured Loans - AR (no changes)
2025-10-12 11:53:18,103 [INFO] Create: Security Expenses - CWIP - AR
2025-10-12 11:53:18,684 [INFO] Created 'Security Expenses - CWIP - AR'
2025-10-12 11:53:19,236 [INFO] Skip: Service Received But Not Billed - AR (no changes)
2025-10-12 11:53:19,236 [INFO] Create: Site Expenses, Work and Procurement paid in place of SPEC CWIP - AR
2025-10-12 11:53:19,797 [INFO] Created 'Site Expenses, Work and Procurement paid in place of SPEC CWIP - AR'
2025-10-12 11:53:19,799 [INFO] Create: Site Servese - CWIP - AR
2025-10-12 11:53:20,374 [INFO] Created 'Site Servese - CWIP - AR'
2025-10-12 11:53:20,375 [INFO] Create: Social Security - CWIP - AR
2025-10-12 11:53:20,953 [INFO] Created 'Social Security - CWIP - AR'
2025-10-12 11:53:21,502 [INFO] Skip: Social Security Payable - AR - AR (no changes)
2025-10-12 11:53:21,503 [INFO] Create: Spec %15 Loan - AR
2025-10-12 11:53:22,065 [INFO] Created 'Spec %15 Loan - AR'
2025-10-12 11:53:22,066 [INFO] Create: Spec Contract - Amendment 3 - AR
2025-10-12 11:53:22,630 [INFO] Created 'Spec Contract - Amendment 3 - AR'
2025-10-12 11:53:23,188 [INFO] Skip: Stock Adjustment - AR (no changes)
2025-10-12 11:53:23,740 [INFO] Skip: Stock In Hand - AR (no changes)
2025-10-12 11:53:24,295 [INFO] Skip: Stock Received But Not Billed - AR (no changes)
2025-10-12 11:53:24,296 [INFO] Create: Storage Tanks - AR
2025-10-12 11:53:24,870 [INFO] Created 'Storage Tanks - AR'
2025-10-12 11:53:24,871 [INFO] Create: Storage Tanks & Silos - AR
2025-10-12 11:53:25,427 [INFO] Created 'Storage Tanks & Silos - AR'
2025-10-12 11:53:25,428 [INFO] Create: Supplier Reconciliation CWIP - AR
2025-10-12 11:53:25,993 [INFO] Created 'Supplier Reconciliation CWIP - AR'
2025-10-12 11:53:25,994 [INFO] Create: Tax Expenses - CWIP - AR
2025-10-12 11:53:26,574 [INFO] Created 'Tax Expenses - CWIP - AR'
2025-10-12 11:53:26,575 [INFO] Create: Tools - AR
2025-10-12 11:53:27,138 [INFO] Created 'Tools - AR'
2025-10-12 11:53:27,139 [INFO] Create: Travel Expenses - CWIP - AR
2025-10-12 11:53:27,706 [INFO] Created 'Travel Expenses - CWIP - AR'
2025-10-12 11:53:28,251 [INFO] Skip: Unsecured Loans - AR (no changes)
2025-10-12 11:53:28,252 [INFO] Create: Vehicle Expenses - CWIP - AR
2025-10-12 11:53:28,826 [INFO] Created 'Vehicle Expenses - CWIP - AR'
2025-10-12 11:53:28,827 [INFO] Create: Vehicles - AR
2025-10-12 11:53:29,396 [INFO] Created 'Vehicles - AR'
2025-10-12 11:53:29,397 [INFO] Create: Water Pipe Line - AR
2025-10-12 11:53:29,963 [INFO] Created 'Water Pipe Line - AR'
2025-10-12 11:53:29,964 [INFO] Create: Water wells CWIP (0) - AR
2025-10-12 11:53:30,529 [INFO] Created 'Water wells CWIP (0) - AR'
2025-10-12 11:53:30,530 [INFO] Create: Well - AR
2025-10-12 11:53:31,092 [INFO] Created 'Well - AR'
2025-10-12 11:53:31,093 [INFO] Create: Well. - AR
2025-10-12 11:53:31,650 [INFO] Created 'Well. - AR'
2025-10-12 11:53:31,651 [INFO] Processing depth 4 (52 accounts)
2025-10-12 11:53:31,651 [INFO] Create: Administration Building - AR
2025-10-12 11:53:32,212 [INFO] Created 'Administration Building - AR'
2025-10-12 11:53:32,213 [INFO] Create: Agricultural - Water/Irrigation CWIP - AR
2025-10-12 11:53:32,787 [INFO] Created 'Agricultural - Water/Irrigation CWIP - AR'
2025-10-12 11:53:32,788 [INFO] Create: Agricultural Tools CWIP - AR
2025-10-12 11:53:33,359 [INFO] Created 'Agricultural Tools CWIP - AR'
2025-10-12 11:53:33,360 [INFO] Create: Ancilliaries Progress - AR
2025-10-12 11:53:33,921 [INFO] Created 'Ancilliaries Progress - AR'
2025-10-12 11:53:33,922 [INFO] Create: ASPPEC Consultancy - CWIP - AR
2025-10-12 11:53:34,491 [INFO] Created 'ASPPEC Consultancy - CWIP - AR'
2025-10-12 11:53:34,492 [INFO] Create: Civil work Expenses for 5 Tanks - CWIP - AR
2025-10-12 11:53:35,059 [INFO] Created 'Civil work Expenses for 5 Tanks - CWIP - AR'
2025-10-12 11:53:35,060 [INFO] Create: Construction of a water tank with  305,000L -CWIP - AR
2025-10-12 11:53:35,623 [INFO] Created 'Construction of a water tank with  305,000L -CWIP - AR'
2025-10-12 11:53:35,624 [INFO] Create: Construction Progress - AR
2025-10-12 11:53:36,197 [INFO] Created 'Construction Progress - AR'
2025-10-12 11:53:36,198 [INFO] Create: Constrution Fuel tank 50TK-01 (Conction works, On ABG) - AR
2025-10-12 11:53:36,787 [INFO] Created 'Constrution Fuel tank 50TK-01 (Conction works, On ABG) - AR'
2025-10-12 11:53:36,788 [INFO] Create: Customs & Transportation for 16 Tanks - CWIP - AR
2025-10-12 11:53:37,353 [INFO] Created 'Customs & Transportation for 16 Tanks - CWIP - AR'
2025-10-12 11:53:37,354 [INFO] Create: Digital Marketing CWIP - AR
2025-10-12 11:53:37,919 [INFO] Created 'Digital Marketing CWIP - AR'
2025-10-12 11:53:37,920 [INFO] Create: Earth Leveling Work - CWIP - AR
2025-10-12 11:53:38,495 [INFO] Created 'Earth Leveling Work - CWIP - AR'
2025-10-12 11:53:38,496 [INFO] Create: Electricity for Reforming Project Road - CWIP - AR
2025-10-12 11:53:39,075 [INFO] Created 'Electricity for Reforming Project Road - CWIP - AR'
2025-10-12 11:53:39,076 [INFO] Create: Engineering Progress - AR
2025-10-12 11:53:39,646 [INFO] Created 'Engineering Progress - AR'
2025-10-12 11:53:39,647 [INFO] Create: Equipement Procurement Progress - AR
2025-10-12 11:53:40,311 [INFO] Created 'Equipement Procurement Progress - AR'
2025-10-12 11:53:40,312 [INFO] Create: Fabrication Progress - AR
2025-10-12 11:53:40,889 [INFO] Created 'Fabrication Progress - AR'
2025-10-12 11:53:40,890 [INFO] Create: Flare Area Civil Work - WIP - AR
2025-10-12 11:53:41,459 [INFO] Created 'Flare Area Civil Work - WIP - AR'
2025-10-12 11:53:41,460 [INFO] Create: Gasoline Pipeline Construction - AR
2025-10-12 11:53:42,029 [INFO] Created 'Gasoline Pipeline Construction - AR'
2025-10-12 11:53:42,030 [INFO] Create: Gasoline Pipeline Material - AR
2025-10-12 11:53:42,601 [INFO] Created 'Gasoline Pipeline Material - AR'
2025-10-12 11:53:42,602 [INFO] Create: Gasoline Pipeline Transportation - AR
2025-10-12 11:53:43,166 [INFO] Created 'Gasoline Pipeline Transportation - AR'
2025-10-12 11:53:43,167 [INFO] Create: General Plants and Machineries - CWIP - AR
2025-10-12 11:53:43,734 [INFO] Created 'General Plants and Machineries - CWIP - AR'
2025-10-12 11:53:43,736 [INFO] Create: Hydrogen Tanks - CWIP - AR
2025-10-12 11:53:44,302 [INFO] Created 'Hydrogen Tanks - CWIP - AR'
2025-10-12 11:53:44,304 [INFO] Create: Inspections & Laboratory Tests - CWIP - AR
2025-10-12 11:53:44,875 [INFO] Created 'Inspections & Laboratory Tests - CWIP - AR'
2025-10-12 11:53:44,876 [INFO] Create: Lap Equipment and accessories - AR
2025-10-12 11:53:45,446 [INFO] Created 'Lap Equipment and accessories - AR'
2025-10-12 11:53:45,447 [INFO] Create: Loading/Unloading Area Construction - CWIP - AR
2025-10-12 11:53:46,033 [INFO] Created 'Loading/Unloading Area Construction - CWIP - AR'
2025-10-12 11:53:46,034 [INFO] Create: Main Gate Construction - CWIP - AR
2025-10-12 11:53:46,603 [INFO] Created 'Main Gate Construction - CWIP - AR'
2025-10-12 11:53:46,604 [INFO] Create: Material Procurement Progress - AR
2025-10-12 11:53:47,177 [INFO] Created 'Material Procurement Progress - AR'
2025-10-12 11:53:47,179 [INFO] Create: Media Expenses CWIP - AR
2025-10-12 11:53:47,751 [INFO] Created 'Media Expenses CWIP - AR'
2025-10-12 11:53:47,752 [INFO] Create: Muayad Awad Saeed - AR
2025-10-12 11:53:48,332 [INFO] Created 'Muayad Awad Saeed - AR'
2025-10-12 11:53:48,333 [INFO] Create: Muhammad Mehdi Salih - AR
2025-10-12 11:53:48,901 [INFO] Created 'Muhammad Mehdi Salih - AR'
2025-10-12 11:53:48,902 [INFO] Create: Naphtha Pipeline Construction - AR
2025-10-12 11:53:49,468 [INFO] Created 'Naphtha Pipeline Construction - AR'
2025-10-12 11:53:49,471 [INFO] Create: Naphtha Pipeline Custom fees - AR
2025-10-12 11:53:50,027 [INFO] Created 'Naphtha Pipeline Custom fees - AR'
2025-10-12 11:53:50,028 [INFO] Create: Naphtha Pipeline Material - AR
2025-10-12 11:53:50,597 [INFO] Created 'Naphtha Pipeline Material - AR'
2025-10-12 11:53:50,599 [INFO] Create: Naphtha Pipeline Survey - AR
2025-10-12 11:53:51,161 [INFO] Created 'Naphtha Pipeline Survey - AR'
2025-10-12 11:53:51,162 [INFO] Create: Naphtha Pipeline Transpiration fees - AR
2025-10-12 11:53:51,735 [INFO] Created 'Naphtha Pipeline Transpiration fees - AR'
2025-10-12 11:53:51,736 [INFO] Create: Plant & Machinery - AR
2025-10-12 11:53:52,313 [INFO] Created 'Plant & Machinery - AR'
2025-10-12 11:53:52,314 [INFO] Create: Precomissioning & Comissioning Progress - AR
2025-10-12 11:53:52,886 [INFO] Created 'Precomissioning & Comissioning Progress - AR'
2025-10-12 11:53:52,887 [INFO] Create: Print Advertising CWIP - AR
2025-10-12 11:53:53,463 [INFO] Created 'Print Advertising CWIP - AR'
2025-10-12 11:53:53,464 [INFO] Create: Public Relations Expenses - AR
2025-10-12 11:53:54,041 [INFO] Created 'Public Relations Expenses - AR'
2025-10-12 11:53:54,042 [INFO] Create: Pump for the Desal tank - CWIP - AR
2025-10-12 11:53:54,619 [INFO] Created 'Pump for the Desal tank - CWIP - AR'
2025-10-12 11:53:54,621 [INFO] Create: Reforming Internal Road Construction - CWIP - AR
2025-10-12 11:53:55,192 [INFO] Created 'Reforming Internal Road Construction - CWIP - AR'
2025-10-12 11:53:55,193 [INFO] Create: Reforming Project Fence - CWIP - AR
2025-10-12 11:53:55,779 [INFO] Created 'Reforming Project Fence - CWIP - AR'
2025-10-12 11:53:55,780 [INFO] Create: Reforming Road Buildings - CWIP - AR
2025-10-12 11:53:56,363 [INFO] Created 'Reforming Road Buildings - CWIP - AR'
2025-10-12 11:53:56,364 [INFO] Create: Roads & Bridges - CWIP - AR
2025-10-12 11:53:56,944 [INFO] Created 'Roads & Bridges - CWIP - AR'
2025-10-12 11:53:56,945 [INFO] Create: SPEC - CWIP - AR
2025-10-12 11:53:57,518 [INFO] Created 'SPEC - CWIP - AR'
2025-10-12 11:53:57,519 [INFO] Create: Spec Advance - Non-Submitted Invoices - AR
2025-10-12 11:53:58,096 [INFO] Created 'Spec Advance - Non-Submitted Invoices - AR'
2025-10-12 11:53:58,098 [INFO] Create: Spec Advance - Submitted Invoices - AR
2025-10-12 11:53:58,659 [INFO] Created 'Spec Advance - Submitted Invoices - AR'
2025-10-12 11:53:58,661 [INFO] Create: Sponsorships & Events CWIP - AR
2025-10-12 11:53:59,236 [INFO] Created 'Sponsorships & Events CWIP - AR'
2025-10-12 11:53:59,237 [INFO] Create: Temporary Labor Wages CWIP - AR
2025-10-12 11:53:59,808 [INFO] Created 'Temporary Labor Wages CWIP - AR'
2025-10-12 11:53:59,809 [INFO] Create: Water Pipeline Construction - AR
2025-10-12 11:54:00,381 [INFO] Created 'Water Pipeline Construction - AR'
2025-10-12 11:54:00,382 [INFO] Create: Water Pipeline Material - AR
2025-10-12 11:54:00,966 [INFO] Created 'Water Pipeline Material - AR'
2025-10-12 11:54:00,968 [INFO] Create: Workshop Removal & Installation - CWIP - AR
2025-10-12 11:54:01,565 [INFO] Created 'Workshop Removal & Installation - CWIP - AR'
2025-10-12 11:54:01,566 [INFO] Sync run complete.
2025-10-12 11:54:01,567 [INFO] Finished in 156.95s
